Using pre-set license
Built from '2020.2/staging' branch; Version is '2020.2.3f1 (8ff31bc5bf5b) revision 9433883'; Using compiler version '192528614'; Build Type 'Release'
OS: 'Windows 10 Home; OS build 19043.1165; Version 2009; 64bit' Language: 'es' Physical Memory: 8183 MB
BatchMode: 1, IsHumanControllingUs: 0, StartBugReporterOnCrash: 0, Is64bit: 1, IsPro: 0

 COMMAND LINE ARGUMENTS:
D:\Archivos de Programa\UnityEditors\2020.2.3f1\Editor\Unity.exe
-adb2
-batchMode
-noUpm
-name
AssetImportWorker0
-projectPath
D:/Documentos/Unity Projects/American-Football-multiplayer
-logFile
Logs/AssetImportWorker0.log
-srvPort
64448
Successfully changed project path to: D:/Documentos/Unity Projects/American-Football-multiplayer
D:/Documentos/Unity Projects/American-Football-multiplayer
Using Asset Import Pipeline V2.
Refreshing native plugins compatible for Editor in 59.84 ms, found 0 plugins.
Preloading 0 native plugins for Editor in 0.00 ms.
Initialize engine version: 2020.2.3f1 (8ff31bc5bf5b)
[Subsystems] Discovering subsystems at path D:/Archivos de Programa/UnityEditors/2020.2.3f1/Editor/Data/Resources/UnitySubsystems
[Subsystems] Discovering subsystems at path D:/Documentos/Unity Projects/American-Football-multiplayer/Assets
GfxDevice: creating device client; threaded=0
Direct3D:
    Version:  Direct3D 11.0 [level 11.1]
    Renderer: NVIDIA GeForce GTX 1060 6GB (ID=0x1c03)
    Vendor:   
    VRAM:     6052 MB
    Driver:   27.21.14.6647
Initialize mono
Mono path[0] = 'D:/Archivos de Programa/UnityEditors/2020.2.3f1/Editor/Data/Managed'
Mono path[1] = 'D:/Archivos de Programa/UnityEditors/2020.2.3f1/Editor/Data/MonoBleedingEdge/lib/mono/unityjit'
Mono config path = 'D:/Archivos de Programa/UnityEditors/2020.2.3f1/Editor/Data/MonoBleedingEdge/etc'
Using monoOptions --debugger-agent=transport=dt_socket,embedding=1,server=y,suspend=n,address=127.0.0.1:56536
Begin MonoManager ReloadAssembly
Registering precompiled unity dll's ...
Register platform support module: D:/Archivos de Programa/UnityEditors/2020.2.3f1/Editor/Data/PlaybackEngines/WebGLSupport/UnityEditor.WebGL.Extensions.dll
Register platform support module: D:/Archivos de Programa/UnityEditors/2020.2.3f1/Editor/Data/PlaybackEngines/WindowsStandaloneSupport/UnityEditor.WindowsStandalone.Extensions.dll
Registered in 0.002473 seconds.
Native extension for WindowsStandalone target not found
Native extension for WebGL target not found
Refreshing native plugins compatible for Editor in 70.98 ms, found 0 plugins.
Preloading 0 native plugins for Editor in 0.00 ms.
Invoked RoslynAnalysisRunner static constructor.
RoslynAnalysisRunner will not be running.
RoslynAnalysisRunner has terminated.
Mono: successfully reloaded assembly
- Completed reload, in  4.719 seconds
Platform modules already initialized, skipping
Registering precompiled user dll's ...
Registered in 0.001796 seconds.
Begin MonoManager ReloadAssembly
Native extension for WindowsStandalone target not found
Native extension for WebGL target not found
Refreshing native plugins compatible for Editor in 0.44 ms, found 0 plugins.
Preloading 0 native plugins for Editor in 0.00 ms.
Invoked RoslynAnalysisRunner static constructor.
RoslynAnalysisRunner will not be running.
RoslynAnalysisRunner has terminated.
Mono: successfully reloaded assembly
- Completed reload, in  3.472 seconds
Platform modules already initialized, skipping
========================================================================
Worker process is ready to serve import requests
Launched and connected shader compiler UnityShaderCompiler.exe after 0.09 seconds
Refreshing native plugins compatible for Editor in 0.63 ms, found 0 plugins.
Preloading 0 native plugins for Editor in 0.00 ms.
Unloading 1638 Unused Serialized files (Serialized files now loaded: 0)
System memory in use before: 79.8 MB.
System memory in use after: 79.9 MB.

Unloading 12 unused Assets to reduce memory usage. Loaded Objects now: 2079.
Total: 2.741800 ms (FindLiveObjects: 0.233600 ms CreateObjectMapping: 0.098100 ms MarkObjects: 2.301100 ms  DeleteObjects: 0.107500 ms)

========================================================================
Received Import Request.
  path: Assets/Animations/Actions/paladin_j_nordstrom@IdleJump.fbx
  artifactKey: Guid(58dda583d5abe71448ff31b1bc0ae878) Importer(815301076,1909f56bfc062723c751e8b465ee728b)
Start importing Assets/Animations/Actions/paladin_j_nordstrom@IdleJump.fbx using Guid(58dda583d5abe71448ff31b1bc0ae878) Importer(815301076,1909f56bfc062723c751e8b465ee728b)  -> (artifact id: '45431275a08e82080ceb1c4abfbbf51b') in 0.106241 seconds
  Import took 0.127135 seconds .

========================================================================
Received Import Request.
  Time since last request: 15.414117 seconds.
  path: Assets/Animations/Actions/paladin_j_nordstrom@IdleJump.fbx
  artifactKey: Guid(58dda583d5abe71448ff31b1bc0ae878) Importer(815301076,1909f56bfc062723c751e8b465ee728b)
Start importing Assets/Animations/Actions/paladin_j_nordstrom@IdleJump.fbx using Guid(58dda583d5abe71448ff31b1bc0ae878) Importer(815301076,1909f56bfc062723c751e8b465ee728b)  -> (artifact id: '24753ead88a8b004e792f25004675ba8') in 0.020208 seconds
  Import took 0.032600 seconds .

========================================================================
Received Import Request.
  Time since last request: 70.841596 seconds.
  path: Assets/Animations/Actions/paladin_j_nordstrom@IdleJump.fbx
  artifactKey: Guid(58dda583d5abe71448ff31b1bc0ae878) Importer(815301076,1909f56bfc062723c751e8b465ee728b)
Start importing Assets/Animations/Actions/paladin_j_nordstrom@IdleJump.fbx using Guid(58dda583d5abe71448ff31b1bc0ae878) Importer(815301076,1909f56bfc062723c751e8b465ee728b)  -> (artifact id: '9fc26def530fc0d1534cbbd51a6a3aef') in 0.043799 seconds
  Import took 0.066134 seconds .

========================================================================
Received Import Request.
  Time since last request: 0.001941 seconds.
  path: Assets/Animations/Actions/paladin_j_nordstrom@IdleJump.fbx
  artifactKey: Guid(58dda583d5abe71448ff31b1bc0ae878) Importer(815301076,1909f56bfc062723c751e8b465ee728b)
Start importing Assets/Animations/Actions/paladin_j_nordstrom@IdleJump.fbx using Guid(58dda583d5abe71448ff31b1bc0ae878) Importer(815301076,1909f56bfc062723c751e8b465ee728b)  -> (artifact id: '9fc26def530fc0d1534cbbd51a6a3aef') in 0.050636 seconds
  Import took 0.064674 seconds .

========================================================================
Received Import Request.
  Time since last request: 24.853025 seconds.
  path: Assets/Animations/Actions/paladin_j_nordstrom@IdleJump.fbx
  artifactKey: Guid(58dda583d5abe71448ff31b1bc0ae878) Importer(815301076,1909f56bfc062723c751e8b465ee728b)
Start importing Assets/Animations/Actions/paladin_j_nordstrom@IdleJump.fbx using Guid(58dda583d5abe71448ff31b1bc0ae878) Importer(815301076,1909f56bfc062723c751e8b465ee728b)  -> (artifact id: '20f88666e890fba9a19f1a28154fb4ce') in 0.025006 seconds
  Import took 0.048955 seconds .

========================================================================
Received Import Request.
  Time since last request: 0.004487 seconds.
  path: Assets/Animations/Actions/paladin_j_nordstrom@IdleJump.fbx
  artifactKey: Guid(58dda583d5abe71448ff31b1bc0ae878) Importer(815301076,1909f56bfc062723c751e8b465ee728b)
Start importing Assets/Animations/Actions/paladin_j_nordstrom@IdleJump.fbx using Guid(58dda583d5abe71448ff31b1bc0ae878) Importer(815301076,1909f56bfc062723c751e8b465ee728b)  -> (artifact id: '20f88666e890fba9a19f1a28154fb4ce') in 0.032078 seconds
  Import took 0.057976 seconds .

========================================================================
Received Import Request.
  Time since last request: 34.469969 seconds.
  path: Assets/Scripts/Player/CharAnimations.cs
  artifactKey: Guid(c0829c3ad93e4424bbfa60bca9f8903f) Importer(815301076,1909f56bfc062723c751e8b465ee728b)
Start importing Assets/Scripts/Player/CharAnimations.cs using Guid(c0829c3ad93e4424bbfa60bca9f8903f) Importer(815301076,1909f56bfc062723c751e8b465ee728b)  -> (artifact id: 'be324cec6a6b794ab8cefb2d564bacd6') in 0.031611 seconds
  Import took 0.057980 seconds .

========================================================================
Received Prepare
Registering precompiled user dll's ...
Registered in 0.002155 seconds.
Begin MonoManager ReloadAssembly
Native extension for WindowsStandalone target not found
Native extension for WebGL target not found
Refreshing native plugins compatible for Editor in 1.25 ms, found 0 plugins.
Preloading 0 native plugins for Editor in 0.00 ms.
Invoked RoslynAnalysisRunner static constructor.
RoslynAnalysisRunner will not be running.
RoslynAnalysisRunner has terminated.
Mono: successfully reloaded assembly
- Completed reload, in 13.452 seconds
Platform modules already initialized, skipping
Refreshing native plugins compatible for Editor in 0.47 ms, found 0 plugins.
Preloading 0 native plugins for Editor in 0.00 ms.
Unloading 1631 Unused Serialized files (Serialized files now loaded: 0)
System memory in use before: 79.7 MB.
System memory in use after: 79.8 MB.

Unloading 7 unused Assets to reduce memory usage. Loaded Objects now: 2082.
Total: 22.537000 ms (FindLiveObjects: 2.394400 ms CreateObjectMapping: 0.179100 ms MarkObjects: 19.866300 ms  DeleteObjects: 0.095000 ms)

========================================================================
Received Prepare
Registering precompiled user dll's ...
Registered in 0.001970 seconds.
Begin MonoManager ReloadAssembly
Native extension for WindowsStandalone target not found
Native extension for WebGL target not found
Refreshing native plugins compatible for Editor in 1.46 ms, found 0 plugins.
Preloading 0 native plugins for Editor in 0.00 ms.
Invoked RoslynAnalysisRunner static constructor.
RoslynAnalysisRunner will not be running.
RoslynAnalysisRunner has terminated.
Mono: successfully reloaded assembly
- Completed reload, in  2.643 seconds
Platform modules already initialized, skipping
Refreshing native plugins compatible for Editor in 0.51 ms, found 0 plugins.
Preloading 0 native plugins for Editor in 0.00 ms.
Unloading 1630 Unused Serialized files (Serialized files now loaded: 0)
System memory in use before: 79.7 MB.
System memory in use after: 79.8 MB.

Unloading 7 unused Assets to reduce memory usage. Loaded Objects now: 2084.
Total: 3.812800 ms (FindLiveObjects: 0.423200 ms CreateObjectMapping: 0.137000 ms MarkObjects: 3.165000 ms  DeleteObjects: 0.085600 ms)

========================================================================
Received Prepare
Registering precompiled user dll's ...
Registered in 0.001881 seconds.
Begin MonoManager ReloadAssembly
Native extension for WindowsStandalone target not found
Native extension for WebGL target not found
Refreshing native plugins compatible for Editor in 0.98 ms, found 0 plugins.
Preloading 0 native plugins for Editor in 0.00 ms.
Invoked RoslynAnalysisRunner static constructor.
RoslynAnalysisRunner will not be running.
RoslynAnalysisRunner has terminated.
Mono: successfully reloaded assembly
- Completed reload, in  3.066 seconds
Platform modules already initialized, skipping
Refreshing native plugins compatible for Editor in 0.55 ms, found 0 plugins.
Preloading 0 native plugins for Editor in 0.00 ms.
Unloading 1630 Unused Serialized files (Serialized files now loaded: 0)
System memory in use before: 79.7 MB.
System memory in use after: 79.8 MB.

Unloading 7 unused Assets to reduce memory usage. Loaded Objects now: 2086.
Total: 3.564700 ms (FindLiveObjects: 0.359500 ms CreateObjectMapping: 0.110800 ms MarkObjects: 2.891600 ms  DeleteObjects: 0.200400 ms)

========================================================================
Received Import Request.
  Time since last request: 85.202650 seconds.
  path: Assets/Animations/PaladinAnimator.controller
  artifactKey: Guid(1ca10eadd7f0fb54b80c567b26551bef) Importer(815301076,1909f56bfc062723c751e8b465ee728b)
Start importing Assets/Animations/PaladinAnimator.controller using Guid(1ca10eadd7f0fb54b80c567b26551bef) Importer(815301076,1909f56bfc062723c751e8b465ee728b)  -> (artifact id: '42724956498265e8024ee83900c5b257') in 0.089787 seconds
  Import took 0.112181 seconds .

========================================================================
Received Import Request.
  Time since last request: 27.798154 seconds.
  path: Assets/Scenes
  artifactKey: Guid(9dca9098b71bb77479b31acc5f0a8d64) Importer(815301076,1909f56bfc062723c751e8b465ee728b)
Start importing Assets/Scenes using Guid(9dca9098b71bb77479b31acc5f0a8d64) Importer(815301076,1909f56bfc062723c751e8b465ee728b)  -> (artifact id: 'b2e25e74bbb37121e073df613fbd6650') in 0.016163 seconds
  Import took 0.039009 seconds .

========================================================================
Received Prepare
Registering precompiled user dll's ...
Registered in 0.002970 seconds.
Begin MonoManager ReloadAssembly
Native extension for WindowsStandalone target not found
Native extension for WebGL target not found
Refreshing native plugins compatible for Editor in 2.28 ms, found 0 plugins.
Preloading 0 native plugins for Editor in 0.00 ms.
Invoked RoslynAnalysisRunner static constructor.
RoslynAnalysisRunner will not be running.
RoslynAnalysisRunner has terminated.
Mono: successfully reloaded assembly
- Completed reload, in  2.480 seconds
Platform modules already initialized, skipping
Refreshing native plugins compatible for Editor in 2.09 ms, found 0 plugins.
Preloading 0 native plugins for Editor in 0.00 ms.
Unloading 1630 Unused Serialized files (Serialized files now loaded: 0)
System memory in use before: 79.7 MB.
System memory in use after: 79.8 MB.

Unloading 7 unused Assets to reduce memory usage. Loaded Objects now: 2088.
Total: 41.068400 ms (FindLiveObjects: 21.212600 ms CreateObjectMapping: 0.604100 ms MarkObjects: 15.281300 ms  DeleteObjects: 3.967500 ms)

========================================================================
Received Prepare
Registering precompiled user dll's ...
Registered in 0.001481 seconds.
Begin MonoManager ReloadAssembly
Native extension for WindowsStandalone target not found
Native extension for WebGL target not found
Refreshing native plugins compatible for Editor in 0.48 ms, found 0 plugins.
Preloading 0 native plugins for Editor in 0.00 ms.
Invoked RoslynAnalysisRunner static constructor.
RoslynAnalysisRunner will not be running.
RoslynAnalysisRunner has terminated.
Mono: successfully reloaded assembly
- Completed reload, in  2.046 seconds
Platform modules already initialized, skipping
Refreshing native plugins compatible for Editor in 0.53 ms, found 0 plugins.
Preloading 0 native plugins for Editor in 0.00 ms.
Unloading 1630 Unused Serialized files (Serialized files now loaded: 0)
System memory in use before: 79.7 MB.
System memory in use after: 79.8 MB.

Unloading 7 unused Assets to reduce memory usage. Loaded Objects now: 2090.
Total: 2.889500 ms (FindLiveObjects: 0.272700 ms CreateObjectMapping: 0.104300 ms MarkObjects: 2.432900 ms  DeleteObjects: 0.077700 ms)

========================================================================
Received Prepare
Registering precompiled user dll's ...
Registered in 0.001722 seconds.
Begin MonoManager ReloadAssembly
Native extension for WindowsStandalone target not found
Native extension for WebGL target not found
Refreshing native plugins compatible for Editor in 0.51 ms, found 0 plugins.
Preloading 0 native plugins for Editor in 0.00 ms.
Invoked RoslynAnalysisRunner static constructor.
RoslynAnalysisRunner will not be running.
RoslynAnalysisRunner has terminated.
Mono: successfully reloaded assembly
- Completed reload, in  3.575 seconds
Platform modules already initialized, skipping
Refreshing native plugins compatible for Editor in 1.43 ms, found 0 plugins.
Preloading 0 native plugins for Editor in 0.00 ms.
Unloading 1630 Unused Serialized files (Serialized files now loaded: 0)
System memory in use before: 79.7 MB.
System memory in use after: 79.8 MB.

Unloading 7 unused Assets to reduce memory usage. Loaded Objects now: 2092.
Total: 16.395200 ms (FindLiveObjects: 1.184400 ms CreateObjectMapping: 0.144200 ms MarkObjects: 14.910300 ms  DeleteObjects: 0.153800 ms)

========================================================================
Received Import Request.
  Time since last request: 689.163048 seconds.
  path: Assets/Animations/Actions/paladin_j_nordstrom@IdleJump.fbx
  artifactKey: Guid(58dda583d5abe71448ff31b1bc0ae878) Importer(815301076,1909f56bfc062723c751e8b465ee728b)
Start importing Assets/Animations/Actions/paladin_j_nordstrom@IdleJump.fbx using Guid(58dda583d5abe71448ff31b1bc0ae878) Importer(815301076,1909f56bfc062723c751e8b465ee728b)  -> (artifact id: '46570573793888732987f5c91f7672a7') in 0.099749 seconds
  Import took 0.121490 seconds .

========================================================================
Received Import Request.
  Time since last request: 13.011245 seconds.
  path: Assets/Animations/Actions/paladin_j_nordstrom@IdleJump.fbx
  artifactKey: Guid(58dda583d5abe71448ff31b1bc0ae878) Importer(815301076,1909f56bfc062723c751e8b465ee728b)
Start importing Assets/Animations/Actions/paladin_j_nordstrom@IdleJump.fbx using Guid(58dda583d5abe71448ff31b1bc0ae878) Importer(815301076,1909f56bfc062723c751e8b465ee728b)  -> (artifact id: '8b41c62164914c54f2ee9e233c6fbe7b') in 0.037513 seconds
  Import took 0.059133 seconds .

========================================================================
Received Prepare
Registering precompiled user dll's ...
Registered in 0.001807 seconds.
Begin MonoManager ReloadAssembly
Native extension for WindowsStandalone target not found
Native extension for WebGL target not found
Refreshing native plugins compatible for Editor in 0.49 ms, found 0 plugins.
Preloading 0 native plugins for Editor in 0.00 ms.
Invoked RoslynAnalysisRunner static constructor.
RoslynAnalysisRunner will not be running.
RoslynAnalysisRunner has terminated.
Mono: successfully reloaded assembly
- Completed reload, in  2.451 seconds
Platform modules already initialized, skipping
Refreshing native plugins compatible for Editor in 0.55 ms, found 0 plugins.
Preloading 0 native plugins for Editor in 0.00 ms.
Unloading 1630 Unused Serialized files (Serialized files now loaded: 0)
System memory in use before: 79.7 MB.
System memory in use after: 79.8 MB.

Unloading 7 unused Assets to reduce memory usage. Loaded Objects now: 2094.
Total: 3.857500 ms (FindLiveObjects: 0.272400 ms CreateObjectMapping: 0.120700 ms MarkObjects: 3.364800 ms  DeleteObjects: 0.097600 ms)

========================================================================
Received Prepare
Registering precompiled user dll's ...
Registered in 0.002065 seconds.
Begin MonoManager ReloadAssembly
Native extension for WindowsStandalone target not found
Native extension for WebGL target not found
Refreshing native plugins compatible for Editor in 0.45 ms, found 0 plugins.
Preloading 0 native plugins for Editor in 0.00 ms.
Invoked RoslynAnalysisRunner static constructor.
RoslynAnalysisRunner will not be running.
RoslynAnalysisRunner has terminated.
Mono: successfully reloaded assembly
- Completed reload, in  2.349 seconds
Platform modules already initialized, skipping
Refreshing native plugins compatible for Editor in 0.51 ms, found 0 plugins.
Preloading 0 native plugins for Editor in 0.00 ms.
Unloading 1630 Unused Serialized files (Serialized files now loaded: 0)
System memory in use before: 79.7 MB.
System memory in use after: 79.8 MB.

Unloading 7 unused Assets to reduce memory usage. Loaded Objects now: 2096.
Total: 4.970500 ms (FindLiveObjects: 0.281000 ms CreateObjectMapping: 0.136700 ms MarkObjects: 4.452000 ms  DeleteObjects: 0.098400 ms)

========================================================================
Received Prepare
Registering precompiled user dll's ...
Registered in 0.001522 seconds.
Begin MonoManager ReloadAssembly
Native extension for WindowsStandalone target not found
Native extension for WebGL target not found
Refreshing native plugins compatible for Editor in 0.49 ms, found 0 plugins.
Preloading 0 native plugins for Editor in 0.00 ms.
Invoked RoslynAnalysisRunner static constructor.
RoslynAnalysisRunner will not be running.
RoslynAnalysisRunner has terminated.
Mono: successfully reloaded assembly
- Completed reload, in  3.079 seconds
Platform modules already initialized, skipping
Refreshing native plugins compatible for Editor in 0.46 ms, found 0 plugins.
Preloading 0 native plugins for Editor in 0.00 ms.
Unloading 1630 Unused Serialized files (Serialized files now loaded: 0)
System memory in use before: 79.8 MB.
System memory in use after: 79.8 MB.

Unloading 7 unused Assets to reduce memory usage. Loaded Objects now: 2098.
Total: 2.775200 ms (FindLiveObjects: 0.245700 ms CreateObjectMapping: 0.102000 ms MarkObjects: 2.347100 ms  DeleteObjects: 0.078600 ms)

AssetImportWorkerClient::OnTransportError - code=2 error=End of file
